Traceback (most recent call last):
  File "/home/novatayler2025/NovaOpsRemote/novadash/main.py", line 1, in <module>
    from fastapi import FastAPI, Form, Request
ModuleNotFoundError: No module named 'fastapi'
Traceback (most recent call last):
  File "/home/novatayler2025/NovaOpsRemote/novadash/main.py", line 1, in <module>
    from fastapi import FastAPI, Form, Request
ModuleNotFoundError: No module named 'fastapi'
Traceback (most recent call last):
  File "/home/novatayler2025/NovaOpsRemote/novadash/main.py", line 10, in <module>
    with open("config.json", "r") as f:
         ^^^^^^^^^^^^^^^^^^^^^^^^
FileNotFoundError: [Errno 2] No such file or directory: 'config.json'
Form data requires "python-multipart" to be installed. 
You can install "python-multipart" with: 

pip install python-multipart

Traceback (most recent call last):
  File "/home/novatayler2025/NovaOpsRemote/novadash/main.py", line 17, in <module>
    @app.post("/send", response_class=HTMLResponse)
     ^^^^^^^^^^^^^^^^^^^^^^^^^^^^^^^^^^^^^^^^^^^^^^
  File "/home/novatayler2025/NovaOpsRemote/novadash-env/lib/python3.11/site-packages/fastapi/routing.py", line 994, in decorator
    self.add_api_route(
  File "/home/novatayler2025/NovaOpsRemote/novadash-env/lib/python3.11/site-packages/fastapi/routing.py", line 933, in add_api_route
    route = route_class(
            ^^^^^^^^^^^^
  File "/home/novatayler2025/NovaOpsRemote/novadash-env/lib/python3.11/site-packages/fastapi/routing.py", line 554, in __init__
    self.dependant = get_dependant(path=self.path_format, call=self.endpoint)
                     ^^^^^^^^^^^^^^^^^^^^^^^^^^^^^^^^^^^^^^^^^^^^^^^^^^^^^^^^
  File "/home/novatayler2025/NovaOpsRemote/novadash-env/lib/python3.11/site-packages/fastapi/dependencies/utils.py", line 285, in get_dependant
    param_details = analyze_param(
                    ^^^^^^^^^^^^^^
  File "/home/novatayler2025/NovaOpsRemote/novadash-env/lib/python3.11/site-packages/fastapi/dependencies/utils.py", line 482, in analyze_param
    ensure_multipart_is_installed()
  File "/home/novatayler2025/NovaOpsRemote/novadash-env/lib/python3.11/site-packages/fastapi/dependencies/utils.py", line 115, in ensure_multipart_is_installed
    raise RuntimeError(multipart_not_installed_error) from None
RuntimeError: Form data requires "python-multipart" to be installed. 
You can install "python-multipart" with: 

pip install python-multipart

