[EXEC] 2025-05-28T19:29:27.083183 - No command file found.
[EXEC] 2025-05-28T19:29:57.083585 - No command file found.
[EXEC] 2025-05-28T19:30:27.083987 - No command file found.
[EXEC] 2025-05-28T19:30:57.084393 - No command file found.
[EXEC] 2025-05-28T19:31:27.084865 - No command file found.
[EXEC] 2025-05-28T19:31:57.085209 - No command file found.
[EXEC] 2025-05-28T19:32:27.085523 - No command file found.
[EXEC] 2025-05-28T19:32:57.085885 - No command file found.
[EXEC] 2025-05-28T19:33:27.086237 - No command file found.
[EXEC] 2025-05-28T19:33:57.086587 - No command file found.
[EXEC] 2025-05-28T19:34:27.086938 - No command file found.
[EXEC] 2025-05-28T19:34:57.087282 - No command file found.
[EXEC] 2025-05-28T19:35:27.087634 - No command file found.
[EXEC] 2025-05-28T19:35:57.088046 - No command file found.
[EXEC] 2025-05-28T19:36:27.088425 - No command file found.
[EXEC] 2025-05-28T19:36:57.088743 - No command file found.
[EXEC] 2025-05-28T19:37:27.089083 - No command file found.
[EXEC] 2025-05-28T19:37:57.090795 - No command file found.
[EXEC] 2025-05-28T19:38:27.091542 - No command file found.
[EXEC] 2025-05-28T19:38:57.091913 - No command file found.
[EXEC] 2025-05-28T19:39:27.092266 - No command file found.
[EXEC] 2025-05-28T19:39:57.092642 - No command file found.
[EXEC] 2025-05-28T19:40:27.093001 - No command file found.
[EXEC] 2025-05-28T19:40:57.093359 - No command file found.
[EXEC] 2025-05-28T19:41:27.093946 - No command file found.
[EXEC] 2025-05-28T19:41:57.094301 - No command file found.
[EXEC] 2025-05-28T19:42:15.943216 - Executing command: ls -la ~/NovaOpsRemote
[EXEC] 2025-05-28T19:42:15.948169 - Result:
total 68
drwxr-xr-x 7 novatayler2025 novatayler2025  4096 May 28 19:32 .
drwxr-xr-x 9 novatayler2025 novatayler2025  4096 May 28 19:19 ..
drwxr-xr-x 8 novatayler2025 novatayler2025  4096 May 28 19:42 .git
-rwxr-xr-x 1 novatayler2025 docker           287 May 28 18:55 NovaPushBridge.sh
drwxr-xr-x 2 novatayler2025 docker          4096 May 28 19:32 command
drwxr-xr-x 2 novatayler2025 novatayler2025  4096 May 28 17:18 commands
drwxr-xr-x 2 novatayler2025 docker          4096 May 28 19:42 genesiscore
-rw-r--r-- 1 novatayler2025 docker            52 May 28 18:25 launch.log
-rw------- 1 novatayler2025 docker             0 May 28 18:00 nohup.out
-rw-r--r-- 1 novatayler2025 docker           683 May 28 17:55 nova_agent.py
drwxr-xr-x 4 novatayler2025 docker          4096 May 28 18:14 novadash
-rw-r--r-- 1 novatayler2025 docker         19148 May 28 19:42 novapush.log
-rw-r--r-- 1 novatayler2025 docker            11 May 28 18:01 test_output.txt

[EXEC] 2025-05-28T19:42:45.948586 - Executing command: ls -la ~/NovaOpsRemote
[EXEC] 2025-05-28T19:42:45.952536 - Result:
total 68
drwxr-xr-x 7 novatayler2025 novatayler2025  4096 May 28 19:32 .
drwxr-xr-x 9 novatayler2025 novatayler2025  4096 May 28 19:19 ..
drwxr-xr-x 8 novatayler2025 novatayler2025  4096 May 28 19:42 .git
-rwxr-xr-x 1 novatayler2025 docker           287 May 28 18:55 NovaPushBridge.sh
drwxr-xr-x 2 novatayler2025 docker          4096 May 28 19:32 command
drwxr-xr-x 2 novatayler2025 novatayler2025  4096 May 28 17:18 commands
drwxr-xr-x 2 novatayler2025 docker          4096 May 28 19:42 genesiscore
-rw-r--r-- 1 novatayler2025 docker            52 May 28 18:25 launch.log
-rw------- 1 novatayler2025 docker             0 May 28 18:00 nohup.out
-rw-r--r-- 1 novatayler2025 docker           683 May 28 17:55 nova_agent.py
drwxr-xr-x 4 novatayler2025 docker          4096 May 28 18:14 novadash
-rw-r--r-- 1 novatayler2025 docker         19148 May 28 19:42 novapush.log
-rw-r--r-- 1 novatayler2025 docker            11 May 28 18:01 test_output.txt

[EXEC] 2025-05-28T19:43:15.952880 - Executing command: ls -la ~/NovaOpsRemote
[EXEC] 2025-05-28T19:43:15.956664 - Result:
total 68
drwxr-xr-x 7 novatayler2025 novatayler2025  4096 May 28 19:32 .
drwxr-xr-x 9 novatayler2025 novatayler2025  4096 May 28 19:19 ..
drwxr-xr-x 8 novatayler2025 novatayler2025  4096 May 28 19:43 .git
-rwxr-xr-x 1 novatayler2025 docker           287 May 28 18:55 NovaPushBridge.sh
drwxr-xr-x 2 novatayler2025 docker          4096 May 28 19:32 command
drwxr-xr-x 2 novatayler2025 novatayler2025  4096 May 28 17:18 commands
drwxr-xr-x 2 novatayler2025 docker          4096 May 28 19:42 genesiscore
-rw-r--r-- 1 novatayler2025 docker            52 May 28 18:25 launch.log
-rw------- 1 novatayler2025 docker             0 May 28 18:00 nohup.out
-rw-r--r-- 1 novatayler2025 docker           683 May 28 17:55 nova_agent.py
drwxr-xr-x 4 novatayler2025 docker          4096 May 28 18:14 novadash
-rw-r--r-- 1 novatayler2025 docker         19881 May 28 19:43 novapush.log
-rw-r--r-- 1 novatayler2025 docker            11 May 28 18:01 test_output.txt

[EXEC] 2025-05-28T19:43:45.957149 - Executing command: ls -la ~/NovaOpsRemote
[EXEC] 2025-05-28T19:43:45.961373 - Result:
total 68
drwxr-xr-x 7 novatayler2025 novatayler2025  4096 May 28 19:32 .
drwxr-xr-x 9 novatayler2025 novatayler2025  4096 May 28 19:19 ..
drwxr-xr-x 8 novatayler2025 novatayler2025  4096 May 28 19:43 .git
-rwxr-xr-x 1 novatayler2025 docker           287 May 28 18:55 NovaPushBridge.sh
drwxr-xr-x 2 novatayler2025 docker          4096 May 28 19:32 command
drwxr-xr-x 2 novatayler2025 novatayler2025  4096 May 28 17:18 commands
drwxr-xr-x 2 novatayler2025 docker          4096 May 28 19:42 genesiscore
-rw-r--r-- 1 novatayler2025 docker            52 May 28 18:25 launch.log
-rw------- 1 novatayler2025 docker             0 May 28 18:00 nohup.out
-rw-r--r-- 1 novatayler2025 docker           683 May 28 17:55 nova_agent.py
drwxr-xr-x 4 novatayler2025 docker          4096 May 28 18:14 novadash
-rw-r--r-- 1 novatayler2025 docker         19881 May 28 19:43 novapush.log
-rw-r--r-- 1 novatayler2025 docker            11 May 28 18:01 test_output.txt

[EXEC] 2025-05-28T19:44:15.961866 - Executing command: ls -la ~/NovaOpsRemote
[EXEC] 2025-05-28T19:44:15.966304 - Result:
total 72
drwxr-xr-x 7 novatayler2025 novatayler2025  4096 May 28 19:32 .
drwxr-xr-x 9 novatayler2025 novatayler2025  4096 May 28 19:19 ..
drwxr-xr-x 8 novatayler2025 novatayler2025  4096 May 28 19:44 .git
-rwxr-xr-x 1 novatayler2025 docker           287 May 28 18:55 NovaPushBridge.sh
drwxr-xr-x 2 novatayler2025 docker          4096 May 28 19:32 command
drwxr-xr-x 2 novatayler2025 novatayler2025  4096 May 28 17:18 commands
drwxr-xr-x 2 novatayler2025 docker          4096 May 28 19:42 genesiscore
-rw-r--r-- 1 novatayler2025 docker            52 May 28 18:25 launch.log
-rw------- 1 novatayler2025 docker             0 May 28 18:00 nohup.out
-rw-r--r-- 1 novatayler2025 docker           683 May 28 17:55 nova_agent.py
drwxr-xr-x 4 novatayler2025 docker          4096 May 28 18:14 novadash
-rw-r--r-- 1 novatayler2025 docker         20583 May 28 19:44 novapush.log
-rw-r--r-- 1 novatayler2025 docker            11 May 28 18:01 test_output.txt

[EXEC] 2025-05-28T19:44:45.966824 - Executing command: ls -la ~/NovaOpsRemote
[EXEC] 2025-05-28T19:44:45.971499 - Result:
total 72
drwxr-xr-x 7 novatayler2025 novatayler2025  4096 May 28 19:32 .
drwxr-xr-x 9 novatayler2025 novatayler2025  4096 May 28 19:19 ..
drwxr-xr-x 8 novatayler2025 novatayler2025  4096 May 28 19:44 .git
-rwxr-xr-x 1 novatayler2025 docker           287 May 28 18:55 NovaPushBridge.sh
drwxr-xr-x 2 novatayler2025 docker          4096 May 28 19:32 command
drwxr-xr-x 2 novatayler2025 novatayler2025  4096 May 28 17:18 commands
drwxr-xr-x 2 novatayler2025 docker          4096 May 28 19:42 genesiscore
-rw-r--r-- 1 novatayler2025 docker            52 May 28 18:25 launch.log
-rw------- 1 novatayler2025 docker             0 May 28 18:00 nohup.out
-rw-r--r-- 1 novatayler2025 docker           683 May 28 17:55 nova_agent.py
drwxr-xr-x 4 novatayler2025 docker          4096 May 28 18:14 novadash
-rw-r--r-- 1 novatayler2025 docker         20583 May 28 19:44 novapush.log
-rw-r--r-- 1 novatayler2025 docker            11 May 28 18:01 test_output.txt

